<?xml version="1.0" encoding="UTF-8"?>
<testsuite name="ru.stqa.pft.sandbox.PrimeTest" tests="1" skipped="0" failures="0" errors="0" timestamp="2020-01-25T21:00:00" hostname="KaMo-PC" time="0.01">
  <properties/>
  <testcase name="testPrimes" classname="ru.stqa.pft.sandbox.PrimeTest" time="0.01"/>
  <system-out><![CDATA[]]></system-out>
  <system-err><![CDATA[]]></system-err>
</testsuite>
