<?xml version="1.0" encoding="UTF-8"?>
<testsuite name="ru.stqa.pft.sandbox.EquationTests" tests="1" skipped="0" failures="0" errors="0" timestamp="2020-01-18T19:47:07" hostname="KaMo-PC" time="0.008">
  <properties/>
  <testcase name="test1" classname="ru.stqa.pft.sandbox.EquationTests" time="0.008"/>
  <system-out><![CDATA[]]></system-out>
  <system-err><![CDATA[]]></system-err>
</testsuite>
